<?xml version="1.0" encoding="UTF-8"?>
<!-- Generated by org.testng.reporters.JUnitXMLReporter -->
<testsuite ignored="0" hostname="Usuarios-MacBook-Air.local" failures="0" tests="5" name="Default test" time="28.826" errors="0" timestamp="2024-07-03T07:19:57 CDT">
  <testcase classname="Tests.PracticaM5b" name="login" time="8.711"/>
  <testcase classname="Tests.PracticaM5b" name="login" time="3.241"/>
  <testcase classname="Tests.PracticaM5b" name="login" time="6.85"/>
  <testcase classname="Tests.PracticaM5b" name="login" time="4.28"/>
  <testcase classname="Tests.PracticaM5b" name="login" time="2.869"/>
</testsuite> <!-- Default test -->
